<?xml version="1.0" encoding="UTF-8"?>
<testng-results ignored="0" total="2" passed="2" failed="0" skipped="0">
  <reporter-output>
  </reporter-output>
  <suite started-at="2024-09-17T11:30:09 MST" name="Default suite" finished-at="2024-09-17T11:30:12 MST" duration-ms="2719">
    <groups>
    </groups>
    <test started-at="2024-09-17T11:30:09 MST" name="Default test" finished-at="2024-09-17T11:30:12 MST" duration-ms="2719">
      <class name="api.test.UserTests">
        <test-method is-config="true" signature="setupData()[pri:0, instance:api.test.UserTests@75437611]" started-at="2024-09-17T11:30:09 MST" name="setupData" finished-at="2024-09-17T11:30:09 MST" duration-ms="191" status="PASS">
          <reporter-output>
          </reporter-output>
        </test-method> <!-- setupData -->
        <test-method signature="testPostUser()[pri:1, instance:api.test.UserTests@75437611]" started-at="2024-09-17T11:30:09 MST" name="testPostUser" finished-at="2024-09-17T11:30:11 MST" duration-ms="2078" status="PASS">
          <reporter-output>
          </reporter-output>
        </test-method> <!-- testPostUser -->
        <test-method signature="testGetUserByName()[pri:2, instance:api.test.UserTests@75437611]" started-at="2024-09-17T11:30:11 MST" name="testGetUserByName" finished-at="2024-09-17T11:30:12 MST" duration-ms="413" status="PASS">
          <reporter-output>
          </reporter-output>
        </test-method> <!-- testGetUserByName -->
      </class> <!-- api.test.UserTests -->
    </test> <!-- Default test -->
  </suite> <!-- Default suite -->
</testng-results>
